<?xml version="1.0" encoding="UTF-8"?>
<!-- Generated by org.testng.reporters.JUnitReportReporter -->
<testsuite hostname="murlinux" failures="0" tests="1" name="BasketTest" time="20.817" errors="0" timestamp="2021-04-21T13:08:38 MSK" skipped="0">
  <testcase classname="BasketTest" name="BasketTest" time="20.817"/>
  <system-out/>
</testsuite> <!-- BasketTest -->
