<?xml version="1.0" encoding="UTF-8"?>
<!-- Generated by org.testng.reporters.JUnitReportReporter -->
<testsuite hostname="murlinux" failures="0" tests="1" name="LoginTest" time="5.482" errors="0" timestamp="2021-04-21T13:09:35 MSK" skipped="0">
  <testcase classname="LoginTest" name="AuthPage" time="5.482"/>
  <system-out/>
</testsuite> <!-- LoginTest -->
